[2022-07-09 13:41:19,926]^;INFO^;225^;configuration.py^;get_training_pipeline_config()^;Training pipleine config: TrainingPipelineConfig(artifact_dir='C:\\Users\\bolli\\Project\\Mechine-_learning_project\\housing\\artifact')
[2022-07-09 13:41:19,927]^;INFO^;117^;pipeline.py^;run_pipeline()^;Pipeline starting.
[2022-07-09 13:41:19,927]^;INFO^;12^;demo.py^;main()^;main function execution completed.
[2022-07-09 13:41:19,927]^;INFO^;134^;pipeline.py^;run_pipeline()^;Pipeline experiment: Experiment(experiment_id='e6cfb13c-c421-4eed-ace9-2c7b65592537', initialization_timestamp='2022-07-09-13-41-19', artifact_time_stamp='2022-07-09-13-41-19', running_status=True, start_time=datetime.datetime(2022, 7, 9, 13, 41, 19, 927928), stop_time=None, execution_time=None, message='Pipeline has been started.', experiment_file_path='C:\\Users\\bolli\\Project\\Mechine-_learning_project\\housing\\artifact\\experiment\\experiment.csv', accuracy=None, is_model_accepted=None)
[2022-07-09 13:41:19,931]^;INFO^;64^;configuration.py^;get_data_ingestion_config()^;Data Ingestion config: DataIngestionConfig(dataset_download_url='https://raw.githubusercontent.com/ageron/handson-ml/master/datasets/housing/housing.tgz', tgz_download_dir='C:\\Users\\bolli\\Project\\Mechine-_learning_project\\housing\\artifact\\data_ingestion\\2022-07-09-13-41-19\\tgz_data', raw_data_dir='C:\\Users\\bolli\\Project\\Mechine-_learning_project\\housing\\artifact\\data_ingestion\\2022-07-09-13-41-19\\raw_data', ingested_train_dir='C:\\Users\\bolli\\Project\\Mechine-_learning_project\\housing\\artifact\\data_ingestion\\2022-07-09-13-41-19\\ingested_data\\train', ingested_test_dir='C:\\Users\\bolli\\Project\\Mechine-_learning_project\\housing\\artifact\\data_ingestion\\2022-07-09-13-41-19\\ingested_data\\test')
[2022-07-09 13:41:19,931]^;INFO^;16^;data_ingestion.py^;__init__()^;====================Data Ingestion log started.==================== 
[2022-07-09 13:41:19,932]^;INFO^;40^;data_ingestion.py^;download_housing_data()^;Downloading file from :[https://raw.githubusercontent.com/ageron/handson-ml/master/datasets/housing/housing.tgz] into :[C:\Users\bolli\Project\Mechine-_learning_project\housing\artifact\data_ingestion\2022-07-09-13-41-19\tgz_data\housing.tgz]
[2022-07-09 13:41:20,343]^;INFO^;42^;data_ingestion.py^;download_housing_data()^;File :[C:\Users\bolli\Project\Mechine-_learning_project\housing\artifact\data_ingestion\2022-07-09-13-41-19\tgz_data\housing.tgz] has been downloaded successfully.
[2022-07-09 13:41:20,344]^;INFO^;57^;data_ingestion.py^;extract_tgz_file()^;Extracting tgz file: [C:\Users\bolli\Project\Mechine-_learning_project\housing\artifact\data_ingestion\2022-07-09-13-41-19\tgz_data\housing.tgz] into dir: [C:\Users\bolli\Project\Mechine-_learning_project\housing\artifact\data_ingestion\2022-07-09-13-41-19\raw_data]
[2022-07-09 13:41:20,351]^;INFO^;60^;data_ingestion.py^;extract_tgz_file()^;Extraction completed
[2022-07-09 13:41:20,351]^;INFO^;74^;data_ingestion.py^;split_data_as_train_test()^;Reading csv file: [C:\Users\bolli\Project\Mechine-_learning_project\housing\artifact\data_ingestion\2022-07-09-13-41-19\raw_data\housing.csv]
[2022-07-09 13:41:20,370]^;INFO^;84^;data_ingestion.py^;split_data_as_train_test()^;Splitting data into train and test
[2022-07-09 13:41:20,380]^;INFO^;102^;data_ingestion.py^;split_data_as_train_test()^;Exporting training datset to file: [C:\Users\bolli\Project\Mechine-_learning_project\housing\artifact\data_ingestion\2022-07-09-13-41-19\ingested_data\train\housing.csv]
[2022-07-09 13:41:20,496]^;INFO^;107^;data_ingestion.py^;split_data_as_train_test()^;Exporting test dataset to file: [C:\Users\bolli\Project\Mechine-_learning_project\housing\artifact\data_ingestion\2022-07-09-13-41-19\ingested_data\test\housing.csv]
[2022-07-09 13:41:20,527]^;INFO^;116^;data_ingestion.py^;split_data_as_train_test()^;Data Ingestion artifact:[DataIngestionArtifact(train_file_path='C:\\Users\\bolli\\Project\\Mechine-_learning_project\\housing\\artifact\\data_ingestion\\2022-07-09-13-41-19\\ingested_data\\train\\housing.csv', test_file_path='C:\\Users\\bolli\\Project\\Mechine-_learning_project\\housing\\artifact\\data_ingestion\\2022-07-09-13-41-19\\ingested_data\\test\\housing.csv', is_ingested=True, message='Data ingestion completed successfully.')]
[2022-07-09 13:41:20,528]^;INFO^;133^;data_ingestion.py^;__del__()^;====================Data Ingestion log completed.==================== 


[2022-07-09 13:41:20,528]^;INFO^;20^;data_validation.py^;__init__()^;>>>>>>>>>>>>>>>>>>>>>>>>>>>>>>>>>>>>>>>>>>>>>>>>>>>>>>>>>>>>Data Valdaition log started.<<<<<<<<<<<<<<<<<<<<<<<<<<<<<<<<<<<<<<<<<<<<<<<<<<<<<<<<<<<< 


[2022-07-09 13:41:20,528]^;INFO^;38^;data_validation.py^;is_train_test_file_exists()^;Checking if training and test file is available
[2022-07-09 13:41:20,528]^;INFO^;50^;data_validation.py^;is_train_test_file_exists()^;Is train and test file exists?-> True
[2022-07-09 13:41:22,357]^;INFO^;139^;data_validation.py^;initiate_data_validation()^;Data validation artifact: DataValidationArtifact(schema_file_path='C:\\Users\\bolli\\Project\\Mechine-_learning_project\\config\\schema.yaml', report_file_path='C:\\Users\\bolli\\Project\\Mechine-_learning_project\\housing\\artifact\\data_validation\\2022-07-09-13-41-19\\report.json', report_page_file_path='C:\\Users\\bolli\\Project\\Mechine-_learning_project\\housing\\artifact\\data_validation\\2022-07-09-13-41-19\\report.html', is_validated=True, message='Data Validation performed successully.')
[2022-07-09 13:41:22,357]^;INFO^;146^;data_validation.py^;__del__()^;>>>>>>>>>>>>>>>>>>>>>>>>>>>>>>>>>>>>>>>>>>>>>>>>>>>>>>>>>>>>Data Valdaition log completed.<<<<<<<<<<<<<<<<<<<<<<<<<<<<<<<<<<<<<<<<<<<<<<<<<<<<<<<<<<<< 


[2022-07-09 13:41:22,357]^;INFO^;148^;configuration.py^;get_data_transformation_config()^;Data transformation config: DataTransformationConfig(add_bedroom_per_room=True, transformed_train_dir='C:\\Users\\bolli\\Project\\Mechine-_learning_project\\housing\\artifact\\data_transformation\\2022-07-09-13-41-19\\transformed_data\\train', transformed_test_dir='C:\\Users\\bolli\\Project\\Mechine-_learning_project\\housing\\artifact\\data_transformation\\2022-07-09-13-41-19\\transformed_data\\test', preprocessed_object_file_path='C:\\Users\\bolli\\Project\\Mechine-_learning_project\\housing\\artifact\\data_transformation\\2022-07-09-13-41-19\\preprocessed\\preprocessed.pkl')
[2022-07-09 13:41:22,357]^;INFO^;97^;data_transformation.py^;__init__()^;>>>>>>>>>>>>>>>>>>>>>>>>>>>>>>>>>>>>>>>>>>>>>>>>>>>>>>>>>>>>Data Transformation log started.<<<<<<<<<<<<<<<<<<<<<<<<<<<<<<<<<<<<<<<<<<<<<<<<<<<<<<<<<<<< 
[2022-07-09 13:41:22,357]^;INFO^;150^;data_transformation.py^;initiate_data_transformation()^;Obtaining preprocessing object.
[2022-07-09 13:41:22,360]^;INFO^;134^;data_transformation.py^;get_data_transformer_object()^;Categorical columns: ['ocean_proximity']
[2022-07-09 13:41:22,360]^;INFO^;135^;data_transformation.py^;get_data_transformer_object()^;Numerical columns: ['longitude', 'latitude', 'housing_median_age', 'total_rooms', 'total_bedrooms', 'population', 'households', 'median_income']
[2022-07-09 13:41:22,360]^;INFO^;154^;data_transformation.py^;initiate_data_transformation()^;Obtaining training and test file path.
[2022-07-09 13:41:22,360]^;INFO^;161^;data_transformation.py^;initiate_data_transformation()^;Loading training and test data as pandas dataframe.
[2022-07-09 13:41:22,397]^;INFO^;171^;data_transformation.py^;initiate_data_transformation()^;Splitting input and target feature from training and testing dataframe.
[2022-07-09 13:41:22,398]^;INFO^;179^;data_transformation.py^;initiate_data_transformation()^;Applying preprocessing object on training dataframe and testing dataframe
[2022-07-09 13:41:22,439]^;INFO^;197^;data_transformation.py^;initiate_data_transformation()^;Saving transformed training and testing array.
[2022-07-09 13:41:22,444]^;INFO^;204^;data_transformation.py^;initiate_data_transformation()^;Saving preprocessing object.
[2022-07-09 13:41:22,447]^;INFO^;214^;data_transformation.py^;initiate_data_transformation()^;Data transformationa artifact: DataTransformationArtifact(is_transformed=True, message='Data transformation successfull.', transformed_train_file_path='C:\\Users\\bolli\\Project\\Mechine-_learning_project\\housing\\artifact\\data_transformation\\2022-07-09-13-41-19\\transformed_data\\train\\housing.npz', transformed_test_file_path='C:\\Users\\bolli\\Project\\Mechine-_learning_project\\housing\\artifact\\data_transformation\\2022-07-09-13-41-19\\transformed_data\\test\\housing.npz', preprocessed_object_file_path='C:\\Users\\bolli\\Project\\Mechine-_learning_project\\housing\\artifact\\data_transformation\\2022-07-09-13-41-19\\preprocessed\\preprocessed.pkl')
[2022-07-09 13:41:22,447]^;INFO^;220^;data_transformation.py^;__del__()^;>>>>>>>>>>>>>>>>>>>>>>>>>>>>>>>>>>>>>>>>>>>>>>>>>>>>>>>>>>>>Data Transformation log completed.<<<<<<<<<<<<<<<<<<<<<<<<<<<<<<<<<<<<<<<<<<<<<<<<<<<<<<<<<<<< 


